[debug] [2022-06-19T04:40:42.909Z] ----------------------------------------------------------------------
[debug] [2022-06-19T04:40:42.910Z] Command:       C:\Program Files\nodejs\node.exe C:\Users\Erick Ezrandy\AppData\Roaming\npm\node_modules\firebase-tools\lib\bin\firebase.js init
[debug] [2022-06-19T04:40:42.911Z] CLI Version:   11.0.1
[debug] [2022-06-19T04:40:42.911Z] Platform:      win32
[debug] [2022-06-19T04:40:42.911Z] Node Version:  v16.13.1
[debug] [2022-06-19T04:40:42.912Z] Time:          Sun Jun 19 2022 11:40:42 GMT+0700 (Western Indonesia Time)
[debug] [2022-06-19T04:40:42.912Z] ----------------------------------------------------------------------
[debug] 
[debug] [2022-06-19T04:40:42.918Z] > command requires scopes: ["email","openid","https://www.googleapis.com/auth/cloudplatformprojects.readonly","https://www.googleapis.com/auth/firebase","https://www.googleapis.com/auth/cloud-platform"]
[debug] [2022-06-19T04:40:42.918Z] > authorizing via signed-in user (erickezrandy1@gmail.com)
[info] 
     ######## #### ########  ######## ########     ###     ######  ########
     ##        ##  ##     ## ##       ##     ##  ##   ##  ##       ##
     ######    ##  ########  ######   ########  #########  ######  ######
     ##        ##  ##    ##  ##       ##     ## ##     ##       ## ##
     ##       #### ##     ## ######## ########  ##     ##  ######  ########

You're about to initialize a Firebase project in this directory:

  E:\KULIAH FASILKOM\SEMESTER 3\PBP\Pemrograman Web (Online Course)\Dicoding\Belajar Membuat Aplikasi Web dengan React\notes-app

[info] 
=== Project Setup
[info] 
[info] First, let's associate this project directory with a Firebase project.
[info] You can create multiple project aliases by running firebase use --add, 
[info] but for now we'll just set up a default project.
[info] 
